--------------- Build Started: 07/05/2017 17:46:05 Project: CY8CKIT-059 + W5500, Configuration: ARM GCC 5.4-2016-q2-update Debug ---------------
cydsfit.exe -.appdatapath "C:\Users\Xwx47\AppData\Local\Cypress Semiconductor\PSoC Creator\4.1" -.fdsnotice -.fdswarpdepfile=warp_dependencies.txt -.fdselabdepfile=elab_dependencies.txt -.fdsbldfile=generated_files.txt -.fdsreffile=referenced_files.txt -p "C:\Users\Xwx47\Documents\Creator\PSoC-W5500-Example\E2ForLife_TerminalDev\CY8CKIT-059 + W5500.cydsn\CY8CKIT-059 + W5500.cyprj" -d CY8C5888LTI-LP097 -s "C:\Users\Xwx47\Documents\Creator\PSoC-W5500-Example\E2ForLife_TerminalDev\CY8CKIT-059 + W5500.cydsn\Generated_Source\PSoC5" -- -yv2 -q10 -ygs -o2 -v3 -.fftcfgtype=LE
Elaborating Design...
HDL Generation...
Synthesis...
Tech Mapping...
Analog Placement...
Analog Routing...
Analog Code Generation...
Digital Placement...
Digital Routing...
Bitstream Generation...
Bitstream Verification...
Static timing analysis...
API Generation...
Dependency Generation...
Cleanup...
arm-none-eabi-gcc.exe -c Generated_Source\PSoC5\ETH.c -o .\CortexM3\ARM_GCC_541\Debug\ETH.o -mcpu=cortex-m3 -mthumb -I. -IGenerated_Source\PSoC5 -Wa,-alh=.\CortexM3\ARM_GCC_541\Debug/ETH.lst -g -D DEBUG -Wall -ffunction-sections -ffat-lto-objects -O0
arm-none-eabi-ar.exe -rs ".\CortexM3\ARM_GCC_541\Debug\CY8CKIT-059 + W5500.a" .\CortexM3\ARM_GCC_541\Debug\ETH_CSN.o .\CortexM3\ARM_GCC_541\Debug\ETH.o .\CortexM3\ARM_GCC_541\Debug\ETH_socket.o .\CortexM3\ARM_GCC_541\Debug\ETH_tcp.o .\CortexM3\ARM_GCC_541\Debug\ETH_util.o .\CortexM3\ARM_GCC_541\Debug\ETH_udp.o .\CortexM3\ARM_GCC_541\Debug\CyDmac.o .\CortexM3\ARM_GCC_541\Debug\CyFlash.o .\CortexM3\ARM_GCC_541\Debug\CyLib.o .\CortexM3\ARM_GCC_541\Debug\cyPm.o .\CortexM3\ARM_GCC_541\Debug\CySpc.o .\CortexM3\ARM_GCC_541\Debug\cyutils.o .\CortexM3\ARM_GCC_541\Debug\SPI.o .\CortexM3\ARM_GCC_541\Debug\SPI_PM.o .\CortexM3\ARM_GCC_541\Debug\SPI_INT.o .\CortexM3\ARM_GCC_541\Debug\SPI_IntClock.o .\CortexM3\ARM_GCC_541\Debug\UART.o .\CortexM3\ARM_GCC_541\Debug\CyBootAsmGnu.o .\CortexM3\ARM_GCC_541\Debug\UART_AsmGnu.o
arm-none-eabi-ar.exe: creating .\CortexM3\ARM_GCC_541\Debug\CY8CKIT-059 + W5500.a
arm-none-eabi-gcc.exe -Wl,--start-group -o "C:\Users\Xwx47\Documents\Creator\PSoC-W5500-Example\E2ForLife_TerminalDev\CY8CKIT-059 + W5500.cydsn\CortexM3\ARM_GCC_541\Debug\CY8CKIT-059 + W5500.elf" .\CortexM3\ARM_GCC_541\Debug\main.o .\CortexM3\ARM_GCC_541\Debug\cyfitter_cfg.o .\CortexM3\ARM_GCC_541\Debug\cymetadata.o .\CortexM3\ARM_GCC_541\Debug\Cm3Start.o ".\CortexM3\ARM_GCC_541\Debug\CY8CKIT-059 + W5500.a" "C:\Program Files (x86)\Cypress\PSoC Creator\4.1\PSoC Creator\psoc\content\cycomponentlibrary\CyComponentLibrary.cylib\CortexM3\ARM_GCC_541\Debug\CyComponentLibrary.a" -mcpu=cortex-m3 -mthumb -L Generated_Source\PSoC5 "-Wl,-Map,.\CortexM3\ARM_GCC_541\Debug/CY8CKIT-059 + W5500.map" -T Generated_Source\PSoC5\cm3gcc.ld -specs=nano.specs -Wl,--gc-sections -g -ffunction-sections -O0 -ffat-lto-objects -Wl,--end-group
cyelftool.exe -C "C:\Users\Xwx47\Documents\Creator\PSoC-W5500-Example\E2ForLife_TerminalDev\CY8CKIT-059 + W5500.cydsn\CortexM3\ARM_GCC_541\Debug\CY8CKIT-059 + W5500.elf" --flash_row_size 256 --flash_size 262144 --flash_offset 0x00000000
cyelftool.exe -S "C:\Users\Xwx47\Documents\Creator\PSoC-W5500-Example\E2ForLife_TerminalDev\CY8CKIT-059 + W5500.cydsn\CortexM3\ARM_GCC_541\Debug\CY8CKIT-059 + W5500.elf"
Flash used: 7286 of 262144 bytes (2.8 %).
SRAM used: 2549 of 65536 bytes (3.9 %). Stack: 2048 bytes. Heap: 128 bytes.
--------------- Build Succeeded: 07/05/2017 17:47:48 ---------------
